ISim log file
Running: D:\4VP23AI031-DDCO\exp3\logic_circuit2_isim_beh.exe -intstyle ise -gui -tclbatch isim.cmd -wdb D:/4VP23AI031-DDCO/exp3/logic_circuit2_isim_beh.wdb 
ISim P.20131013 (signature 0x7708f090)
This is a Full version of ISim.
Time resolution is 1 ps
# onerror resume
# wave add /
# run 1000 ns
Simulator is doing circuit initialization process.
Finished circuit initialization process.
# isim force add /logic_circuit2/B 0 -radix bin
# isim force add /logic_circuit2/C 0 -radix bin
# isim force add /logic_circuit2/D 0 -radix bin
# run 1.00us
# isim force add /logic_circuit2/D 1 -radix bin
# run 1.00us
# isim force add /logic_circuit2/C 1 -radix bin
# isim force add /logic_circuit2/D 0 -radix bin
# run 1.00us
# isim force add /logic_circuit2/D 1 -radix bin
# run all
# run 1.00us
# isim force add /logic_circuit2/B 1 -radix bin
# isim force add /logic_circuit2/C 0 -radix bin
# isim force add /logic_circuit2/D 0 -radix bin
# run 1.00us
# isim force add /logic_circuit2/D 1 -radix bin
# run 1.00us
# isim force add /logic_circuit2/C 1 -radix bin
# isim force add /logic_circuit2/D 0 -radix bin
# run 1.00us
# isim force add /logic_circuit2/D 1 -radix bin
# run 1.00us
